./src/contexts/PlayerContext.tsx
./src/app/settings/page.tsx
./src/app/discover/page.tsx
./src/app/admin/upload/page.tsx
./src/app/library/page.tsx
./src/app/single/[singleId]/page.tsx
./src/app/search/page.tsx
./src/app/profile/[userId]/page.tsx
./src/app/account/page.tsx
./src/app/album/[albumId]/page.tsx
./src/app/artist/[artistId]/page.tsx
./src/app/login/page.tsx
./src/tailwind.config.ts
./src/components/music/TrackInfo.tsx
./src/components/music/TrackActions.tsx
./src/components/ui/alert.tsx
./src/components/ui/toast.tsx
./src/components/playlists/AddToPlaylistModal.tsx
./src/components/AlbumCard.tsx
./src/components/player/FullScreenPlayer.tsx
./src/components/player/MiniPlayer.tsx
./src/hooks/use-toast.ts
